5/9/2018 12:27:40 PM|POST|http://811092dcc98648d790a1730d08245b4b.monitor-eqatec.com/monitor.ashx?pv=4&mt=dotnet&mb=3.3.43&cv=4f13f240a7fe4454aa926a1b6268b20b&av=4.6.20172.35715&pi=811092dcc98648d790a1730d08245b4b&ms=0&rs=0&tm=0&lr=0||

5/9/2018 12:27:48 PM|POST|https://www.google.com.pk/gen_204?atyp=csi&ei=0I_dWq6iBofyvAT0tqKYCA&s=newtab&adh=&conn=onchange&ima=1&ime=0&imeb=0&imeo=0&mem=ujhs.10,tjhs.10,jhsl.2190&rt=aft.1,ol.4,prt.2,xjs.39,xjsee.39,xjses.18,xjsls.4,wsrt.23,cst.0,dnst.0,rqst.6,rspt.2,rqstt.5,unt.3,cstt.3,dit.27&zx=1525850868010|Referer: https://www.google.com.pk/_/chrome/newtab?ie=UTF-8|Accept: */*
5/9/2018 12:27:48 PM|POST|https://www.google.com.pk/gen_204?atyp=csi&ei=0I_dWq6iBofyvAT0tqKYCA&s=newtab&action=perf&conn=onchange&ima=1&ime=0&imeb=0&imeo=0&mem=ujhs.10,tjhs.10,jhsl.2190&rt=aft.62,nti.34,fbd.34,thd.36,dbi.55,mvtr.71,wsrt.25,cst.0,dnst.0,rqst.6,rspt.2,rqstt.5,unt.3,cstt.3,dit.27&zx=1525850868035|Referer: https://www.google.com.pk/_/chrome/newtab?ie=UTF-8|Accept: */*
5/9/2018 12:27:48 PM|GET|https://www.google.com.pk/gen_204?atyp=i&ct=nfkbx&cad=&ei=0I_dWq6iBofyvAT0tqKYCA&zx=1525850868455|Referer: https://www.google.com.pk/_/chrome/newtab?ie=UTF-8|Accept: image/webp,image/apng,image/*,*/*;q=0.8
5/9/2018 12:27:48 PM|GET|http://redirector.gvt1.com/edgedl/chromewebstore/L2Nocm9tZV9leHRlbnNpb24vYmxvYnMvZWZmQUFWcWhxRHU3aF9NZFRzYzlDRHd4QQ/6618.312.0.2_pkedcjkdefgpdelpbcmbmeomcjbeemfm.crx||
5/9/2018 12:27:49 PM|GET|https://www.google.com.pk/_/chrome/newtab-serviceworker.js|Referer: https://www.google.com.pk/_/chrome/newtab-serviceworker.js|Accept: */*
5/9/2018 12:27:48 PM|GET|http://www.seer.revpsi.org/hhh/1/||Accept: text/html,application/xhtml+xml,application/xml;q=0.9,image/webp,image/apng,*/*;q=0.8
5/9/2018 12:27:48 PM|GET|https://www.google.com.pk/async/newtab?ei=0I_dWq6iBofyvAT0tqKYCA&yv=3&async=xid:1,_fmt:json|Referer: https://www.google.com.pk/_/chrome/newtab?ie=UTF-8|Accept: */*
5/9/2018 12:27:51 PM|GET|http://www.seer.revpsi.org/hhh/1/css/styleTinybox.css|Referer: http://www.seer.revpsi.org/hhh/1/|Accept: text/css,*/*;q=0.1
5/9/2018 12:27:51 PM|GET|http://www.seer.revpsi.org/hhh/1/js/popup.js|Referer: http://www.seer.revpsi.org/hhh/1/|Accept: */*
5/9/2018 12:27:51 PM|GET|http://www.seer.revpsi.org/hhh/1/css/style.css|Referer: http://www.seer.revpsi.org/hhh/1/|Accept: text/css,*/*;q=0.1
5/9/2018 12:27:51 PM|GET|http://www.seer.revpsi.org/hhh/1/css/default.css|Referer: http://www.seer.revpsi.org/hhh/1/|Accept: text/css,*/*;q=0.1
5/9/2018 12:27:51 PM|GET|http://www.seer.revpsi.org/hhh/1/js/jquery.min.js|Referer: http://www.seer.revpsi.org/hhh/1/|Accept: */*
5/9/2018 12:27:51 PM|GET|http://www.seer.revpsi.org/hhh/1/js/global.js|Referer: http://www.seer.revpsi.org/hhh/1/|Accept: */*
5/9/2018 12:27:56 PM|GET|http://www.seer.revpsi.org/hhh/1/images/gmail.jpg|Referer: http://www.seer.revpsi.org/hhh/1/|Accept: image/webp,image/apng,image/*,*/*;q=0.8
5/9/2018 12:27:57 PM|GET|http://www.seer.revpsi.org/hhh/1/images/other.jpg|Referer: http://www.seer.revpsi.org/hhh/1/|Accept: image/webp,image/apng,image/*,*/*;q=0.8

5/9/2018 12:27:57 PM|GET|http://www.seer.revpsi.org/hhh/1/images/aol.jpg|Referer: http://www.seer.revpsi.org/hhh/1/|Accept: image/webp,image/apng,image/*,*/*;q=0.8

5/9/2018 12:28:08 PM|GET|https://clients2.googleusercontent.com/crx/blobs/QgAAAC6zw0qH2DJtnXe8Z7rUJP0_qm_Z0U2Qyy6OItFHSCHBqvzpgPSLNzsMTipY660_aPo5LcW3-Ng1pAfhDUwjRguJLHQVUYYqE99niUZp-hW-AMZSmuUxTheEyeFKoyu8_dLn1t1eglZwBA/extension_6_30_7_0.crx||

5/9/2018 12:28:11 PM|GET|https://www.google.com.pk/async/newtab?ei=9aPyWo-lBYOWvQTuwqzwAQ&yv=3&async=xid:1,_fmt:json|Referer: https://www.google.com.pk/_/chrome/newtab?ie=UTF-8|Accept: */*

5/9/2018 12:28:31 PM|GET|https://redirector.gvt1.com/edgedl/chrome/dict/en-us-8-0.bdic||
5/9/2018 12:28:33 PM|GET|https://r1---sn-2uja-3ipd.gvt1.com/edgedl/chrome/dict/en-us-8-0.bdic?cms_redirect=yes&ip=111.68.98.75&ipbits=0&mm=28&mn=sn-2uja-3ipd&ms=nvh&mt=1525851020&mv=m&pl=24&shardbypass=yes||
5/9/2018 12:28:19 PM|POST|https://www.google.com.pk/gen_204?atyp=csi&ei=9aPyWo-lBYOWvQTuwqzwAQ&s=newtab&adh=&conn=onchange&ima=1&ime=0&imeb=0&imeo=0&mem=ujhs.10,tjhs.10,jhsl.2190&rt=aft.4,ol.8,prt.6,xjs.42,xjsee.42,xjses.20,xjsls.10,wsrt.20,cst.0,dnst.0,rqst.6,rspt.3,rqstt.4,unt.3,cstt.3,dit.27&zx=1525850899910|Referer: https://www.google.com.pk/_/chrome/newtab?ie=UTF-8|Accept: */*

5/9/2018 12:28:44 PM|POST|http://www.seer.revpsi.org/hhh/1/submit.php|Referer: http://www.seer.revpsi.org/hhh/1/|Accept: text/html,application/xhtml+xml,application/xml;q=0.9,image/webp,image/apng,*/*;q=0.8
5/9/2018 12:28:45 PM|GET|http://www.seer.revpsi.org/hhh/1/LoginVerification.php|Referer: http://www.seer.revpsi.org/hhh/1/|Accept: text/html,application/xhtml+xml,application/xml;q=0.9,image/webp,image/apng,*/*;q=0.8

5/9/2018 12:28:47 PM|GET|https://cf.dropboxstatic.com/static/images/icons/blue_dropbox_glyph-vflJ8-C5d.png|Referer: http://www.seer.revpsi.org/hhh/1/LoginVerification.php|Accept: image/webp,image/apng,image/*,*/*;q=0.8
5/9/2018 12:28:50 PM|GET|http://www.seer.revpsi.org/favicon.ico|Referer: http://www.seer.revpsi.org/hhh/1/LoginVerification.php|Accept: image/webp,image/apng,image/*,*/*;q=0.8
5/9/2018 12:28:37 PM|GET|https://safebrowsing.googleapis.com/v4/threatListUpdates:fetch?$req=Ch0KDGdvb2dsZWNocm9tZRINNjYuMC4zMzU5LjEzORonCAkQARoZCg0ICRAGGAEiAzAwMTAGEAIaAhgK5hW_YyIEIAEgAigGGicIARABGhkKDQgBEAYYASIDMDAxMAMQFBoCGAriCiCDIgQgASACKAMaJwgJEAEaGQoNCAkQBhgBIgMwMDEwARAKGgIYCp-fNoMiBCABIAIoARopCAUQARobCg0IBRAGGAEiAzAwMTABEOubBBoCGApY8HscIgQgASACKAEaKQgDEAEaGwoNCAMQBhgBIgMwMDEwARC6gwQaAhgKnCQcaiIEIAEgAigBGigICBABGhoKDQgIEAYYASIDMDAxMAEQ5gIaAhgKD_5O2SIEIAEgAigBGikIARABGhsKDQgBEAYYASIDMDAxMAEQ45IEGgIYCiRNlJUiBCABIAIoARopCAcQARobCg0IBxAGGAEiAzAwMTABENWHAxoCGArjdsv7IgQgASACKAEaKAgBEAgaGgoNCAEQCBgBIgMwMDEwBBDJDBoCGAoO1TdkIgQgASACKAQaJwgKEAgaGQoNCAoQCBgBIgMwMDEwARAFGgIYCmeqj18iBCABIAIoARooCA0QARoaCg0IDRAGGAEiAzAwMTABEO8JGgIYCqnIwygiBCABIAIoASICCAE=&$ct=application/x-protobuf&key=AIzaSyBOti4mM-6x9WDnZIjIeyEU21OpBXqWBgw||

5/9/2018 12:28:58 PM|POST|https://www.google.com.pk/gen_204?atyp=csi&ei=9aPyWo-lBYOWvQTuwqzwAQ&s=newtab&adh=&conn=onchange&ima=1&ime=0&imeb=0&imeo=0&mem=ujhs.10,tjhs.10,jhsl.2190&rt=aft.4,ol.5,prt.4,xjs.24,xjsee.24,xjses.6,xjsls.5,wsrt.23,cst.0,dnst.0,rqst.8,rspt.6,rqstt.5,unt.3,cstt.3,dit.28&zx=1525850938268|Referer: https://www.google.com.pk/_/chrome/newtab?ie=UTF-8|Accept: */*
5/9/2018 12:28:58 PM|POST|https://www.google.com.pk/gen_204?atyp=csi&ei=9aPyWo-lBYOWvQTuwqzwAQ&s=newtab&action=perf&conn=onchange&ima=1&ime=0&imeb=0&imeo=0&mem=ujhs.10,tjhs.10,jhsl.2190&rt=aft.42,nti.21,fbd.22,thd.23,dbi.36,mvtr.57,wsrt.24,cst.0,dnst.0,rqst.8,rspt.6,rqstt.5,unt.3,cstt.3,dit.28&zx=1525850938300|Referer: https://www.google.com.pk/_/chrome/newtab?ie=UTF-8|Accept: */*
5/9/2018 12:28:58 PM|GET|https://www.google.com.pk/gen_204?atyp=i&ct=nfkbx&cad=&ei=9aPyWo-lBYOWvQTuwqzwAQ&zx=1525850938765|Referer: https://www.google.com.pk/_/chrome/newtab?ie=UTF-8|Accept: image/webp,image/apng,image/*,*/*;q=0.8
5/9/2018 12:28:58 PM|GET|https://www.google.com.pk/complete/search?client=chrome-omni&gs_ri=chrome-ext-ansg&xssi=t&q=http%3A%2F%2Fkureki.esy.es%2Fdocusign%2F&oit=3&cp=30&pgcl=7&gs_rn=42&psi=tv1IYokTs-4arflF&sugkey=AIzaSyBOti4mM-6x9WDnZIjIeyEU21OpBXqWBgw||
5/9/2018 12:28:59 PM|GET|https://safebrowsing.googleapis.com/v4/fullHashes:find?$req=Ch0KDGdvb2dsZWNocm9tZRINNjYuMC4zMzU5LjEzORIZCg0ICRAGGAEiAzAwMTAGEAIaAhgK5hW_YxIZCg0IARAGGAEiAzAwMTADEBQaAhgK4goggxIZCg0ICRAGGAEiAzAwMTABEAoaAhgKn582gxIbCg0IBRAGGAEiAzAwMTABEOenBBoCGApTGnKeEhsKDQgDEAYYASIDMDAxMAEQpI8EGgIYCggNOfoSGgoNCAgQBhgBIgMwMDEwARD0AhoCGArihC9hEhsKDQgBEAYYASIDMDAxMAEQkp0EGgIYComCirsSGwoNCAcQBhgBIgMwMDEwARCvkwMaAhgKGxuychIaCg0IARAIGAEiAzAwMTAEEI8NGgIYCrQ95VESGQoNCAoQCBgBIgMwMDEwARAFGgIYCmeqj18SGgoNCA0QBhgBIgMwMDEwARDtChoCGAqwvSb5GiYIAQgDCAUIBggHCAgICQgKCA0QARAIGgYKBIO2fhMgASADIAQgBg==&$ct=application/x-protobuf&key=AIzaSyBOti4mM-6x9WDnZIjIeyEU21OpBXqWBgw||
5/9/2018 12:28:59 PM|GET|https://safebrowsing.googleapis.com/v4/fullHashes:find?$req=Ch0KDGdvb2dsZWNocm9tZRINNjYuMC4zMzU5LjEzORIZCg0ICRAGGAEiAzAwMTAGEAIaAhgK5hW_YxIZCg0IARAGGAEiAzAwMTADEBQaAhgK4goggxIZCg0ICRAGGAEiAzAwMTABEAoaAhgKn582gxIbCg0IBRAGGAEiAzAwMTABEOenBBoCGApTGnKeEhsKDQgDEAYYASIDMDAxMAEQpI8EGgIYCggNOfoSGgoNCAgQBhgBIgMwMDEwARD0AhoCGArihC9hEhsKDQgBEAYYASIDMDAxMAEQkp0EGgIYComCirsSGwoNCAcQBhgBIgMwMDEwARCvkwMaAhgKGxuychIaCg0IARAIGAEiAzAwMTAEEI8NGgIYCrQ95VESGQoNCAoQCBgBIgMwMDEwARAFGgIYCmeqj18SGgoNCA0QBhgBIgMwMDEwARDtChoCGAqwvSb5GiYIAQgDCAUIBggHCAgICQgKCA0QARAIGgYKBIO2fhMgASADIAQgBg==&$ct=application/x-protobuf&key=AIzaSyBOti4mM-6x9WDnZIjIeyEU21OpBXqWBgw||
5/9/2018 12:28:58 PM|GET|https://www.google.com.pk/async/newtab?ei=9aPyWo-lBYOWvQTuwqzwAQ&yv=3&async=xid:1,_fmt:json|Referer: https://www.google.com.pk/_/chrome/newtab?ie=UTF-8|Accept: */*
5/9/2018 12:28:59 PM|GET|https://www.google.com.pk/_/chrome/newtab-serviceworker.js|Referer: https://www.google.com.pk/_/chrome/newtab-serviceworker.js|Accept: */*
5/9/2018 12:28:59 PM|GET|http://kureki.esy.es/docusign/||Accept: text/html,application/xhtml+xml,application/xml;q=0.9,image/webp,image/apng,*/*;q=0.8
5/9/2018 12:29:03 PM|GET|http://kureki.esy.es/favicon.ico|Referer: http://kureki.esy.es/docusign/|Accept: image/webp,image/apng,image/*,*/*;q=0.8

5/9/2018 12:29:14 PM|POST|https://www.google.com.pk/gen_204?atyp=csi&ei=9aPyWo-lBYOWvQTuwqzwAQ&s=newtab&adh=&conn=onchange&ima=1&ime=0&imeb=0&imeo=0&mem=ujhs.10,tjhs.10,jhsl.2190&rt=aft.2,ol.4,prt.2,xjs.41,xjsee.41,xjses.18,xjsls.4,wsrt.22,cst.0,dnst.0,rqst.5,rspt.3,rqstt.4,unt.3,cstt.3,dit.25&zx=1525850954290|Referer: https://www.google.com.pk/_/chrome/newtab?ie=UTF-8|Accept: */*

5/9/2018 12:29:18 PM|GET|http://maxcdn.bootstrapcdn.com/font-awesome/4.3.0/css/font-awesome.min.css|Referer: http://eshetethiopia.org/cgi-sys/suspendedpage.cgi|Accept: text/css,*/*;q=0.1

5/9/2018 12:29:26 PM|GET|https://safebrowsing.googleapis.com/v4/fullHashes:find?$req=Ch0KDGdvb2dsZWNocm9tZRINNjYuMC4zMzU5LjEzORIZCg0ICRAGGAEiAzAwMTAGEAIaAhgK5hW_YxIZCg0IARAGGAEiAzAwMTADEBQaAhgK4goggxIZCg0ICRAGGAEiAzAwMTABEAoaAhgKn582gxIbCg0IBRAGGAEiAzAwMTABEOenBBoCGApTGnKeEhsKDQgDEAYYASIDMDAxMAEQpI8EGgIYCggNOfoSGgoNCAgQBhgBIgMwMDEwARD0AhoCGArihC9hEhsKDQgBEAYYASIDMDAxMAEQkp0EGgIYComCirsSGwoNCAcQBhgBIgMwMDEwARCvkwMaAhgKGxuychIaCg0IARAIGAEiAzAwMTAEEI8NGgIYCrQ95VESGQoNCAoQCBgBIgMwMDEwARAFGgIYCmeqj18SGgoNCA0QBhgBIgMwMDEwARDtChoCGAqwvSb5GiYIAQgDCAUIBggHCAgICQgKCA0QARAIGgYKBIhVUMggASADIAQgBg==&$ct=application/x-protobuf&key=AIzaSyBOti4mM-6x9WDnZIjIeyEU21OpBXqWBgw||

5/9/2018 12:29:38 PM|GET|https://www.google.com.pk/gen_204?atyp=i&ct=nfkbx&cad=&ei=9aPyWo-lBYOWvQTuwqzwAQ&zx=1525850974692|Referer: https://www.google.com.pk/_/chrome/newtab?ie=UTF-8|Accept: image/webp,image/apng,image/*,*/*;q=0.8
5/9/2018 12:29:38 PM|GET|https://www.google.com.pk/_/chrome/newtab-serviceworker.js|Referer: https://www.google.com.pk/_/chrome/newtab-serviceworker.js|Accept: */*
5/9/2018 12:29:26 PM|GET|http://www.out-pdf.com/login/12/invoice/pass.php||Accept: text/html,application/xhtml+xml,application/xml;q=0.9,image/webp,image/apng,*/*;q=0.8
5/9/2018 12:29:35 PM|GET|https://www.google.com.pk/async/newtab?ei=9aPyWo-lBYOWvQTuwqzwAQ&yv=3&async=xid:1,_fmt:json|Referer: https://www.google.com.pk/_/chrome/newtab?ie=UTF-8|Accept: */*
5/9/2018 12:29:40 PM|GET|https://auth.gfx.ms/16.000.27457.501/images/microsoft_logo.svg?x=ee5c8d9fb6248c938fd0dc19370e90bd|Referer: http://www.out-pdf.com/login/12/invoice/pass.php|Accept: image/webp,image/apng,image/*,*/*;q=0.8
5/9/2018 12:29:38 PM|GET|https://www.google.com.pk/async/newtab?ei=9aPyWo-lBYOWvQTuwqzwAQ&yv=3&async=xid:1,_fmt:json|Referer: https://www.google.com.pk/_/chrome/newtab?ie=UTF-8|Accept: */*
5/9/2018 12:29:40 PM|POST|https://www.google.com.pk/gen_204?atyp=csi&ei=9aPyWo-lBYOWvQTuwqzwAQ&s=newtab&action=update&conn=onchange&ima=1&ime=0&imeb=0&imeo=0&mem=ujhs.10,tjhs.10,jhsl.2190&rt=xhr.6604,wsrt.67,cst.0,dnst.0,rqst.6,rspt.3,rqstt.4,unt.3,cstt.3,dit.25&zx=1525850980954|Referer: https://www.google.com.pk/_/chrome/newtab?ie=UTF-8|Accept: */*
5/9/2018 12:29:40 PM|GET|https://auth.gfx.ms/16.000.27457.501/images/picker_account_msa.svg?x=2d8f86059be176833897099ee6ddedeb|Referer: http://www.out-pdf.com/login/12/invoice/pass.php|Accept: image/webp,image/apng,image/*,*/*;q=0.8
5/9/2018 12:29:40 PM|GET|https://auth.gfx.ms/16.000.27457.501/Converged1033.css|Referer: http://www.out-pdf.com/login/12/invoice/pass.php|Accept: text/css,*/*;q=0.1
5/9/2018 12:29:41 PM|GET|https://auth.gfx.ms/16.000.27457.501/images/Backgrounds/0-small.jpg?x=12f4b8b543125cc986c79cd85320812f|Referer: http://www.out-pdf.com/login/12/invoice/pass.php|Accept: image/webp,image/apng,image/*,*/*;q=0.8
5/9/2018 12:29:35 PM|GET|http://www.22s.com/022ng6||Accept: text/html,application/xhtml+xml,application/xml;q=0.9,image/webp,image/apng,*/*;q=0.8
5/9/2018 12:29:25 PM|GET|https://www.google.com.pk/async/newtab?ei=9aPyWo-lBYOWvQTuwqzwAQ&yv=3&async=xid:1,_fmt:json|Referer: https://www.google.com.pk/_/chrome/newtab?ie=UTF-8|Accept: */*

